Process 0:
                Arrival Time: 0
                  Start Time: 0
                 Finish Time: 190
                Service Time: 22
             Turnaround Time: 190
  Normalized Turnaround Time: 8.64
       Average Response Time: 53.67
---------------------------------------------
Process 1:
                Arrival Time: 3
                  Start Time: 10
                 Finish Time: 216
                Service Time: 154
             Turnaround Time: 213
  Normalized Turnaround Time: 1.38
       Average Response Time: 18.33
---------------------------------------------
Process 2:
                Arrival Time: 7
                  Start Time: 110
                 Finish Time: 230
                Service Time: 11
             Turnaround Time: 223
  Normalized Turnaround Time: 20.27
       Average Response Time: 40.6
---------------------------------------------
Process 3:
                Arrival Time: 11
                  Start Time: 113
                 Finish Time: 212
                Service Time: 30
             Turnaround Time: 201
  Normalized Turnaround Time: 6.7
       Average Response Time: 75.5
---------------------------------------------
Process 4:
                Arrival Time: 90
                  Start Time: 133
                 Finish Time: 232
                Service Time: 11
             Turnaround Time: 142
  Normalized Turnaround Time: 12.91
       Average Response Time: 24.4
---------------------------------------------
           Mean Turnaround Time: 193.8
Mean Normalized Turnaround Time: 9.98
     Mean Average Response Time: 42.5
